0 info it worked if it ends with ok
1 verbose cli [ '/usr/bin/nodejs', '/usr/bin/npm', 'run', 'dev-server' ]
2 info using npm@3.8.6
3 info using node@v5.10.0
4 verbose run-script [ 'predev-server', 'dev-server', 'postdev-server' ]
5 info lifecycle isomorphic-demo@0.0.1~predev-server: isomorphic-demo@0.0.1
6 silly lifecycle isomorphic-demo@0.0.1~predev-server: no script for predev-server, continuing
7 info lifecycle isomorphic-demo@0.0.1~dev-server: isomorphic-demo@0.0.1
8 verbose lifecycle isomorphic-demo@0.0.1~dev-server: unsafe-perm in lifecycle true
9 verbose lifecycle isomorphic-demo@0.0.1~dev-server: PATH: /usr/lib/node_modules/npm/bin/node-gyp-bin:/home/home/Documents/GitHubProjects/projects_react_nodejs/react-isomorphic-projects/project-0-0/react-isomorphic-boilerplate/node_modules/.bin:/usr/bin:/usr/lib/node_modules/npm/bin/node-gyp-bin:/home/home/Documents/GitHubProjects/projects_react_nodejs/react-isomorphic-projects/project-0-0/react-isomorphic-boilerplate/node_modules/.bin:/usr/bin:/usr/local/sbin:/usr/local/bin:/usr/sbin:/usr/bin:/sbin:/bin:/usr/games:/usr/local/games
10 verbose lifecycle isomorphic-demo@0.0.1~dev-server: CWD: /home/home/Documents/GitHubProjects/projects_react_nodejs/react-isomorphic-projects/project-0-0/react-isomorphic-boilerplate
11 silly lifecycle isomorphic-demo@0.0.1~dev-server: Args: [ '-c', 'node lib/server/webpack' ]
12 silly lifecycle isomorphic-demo@0.0.1~dev-server: Returned: code: 1  signal: null
13 info lifecycle isomorphic-demo@0.0.1~dev-server: Failed to exec dev-server script
14 verbose stack Error: isomorphic-demo@0.0.1 dev-server: `node lib/server/webpack`
14 verbose stack Exit status 1
14 verbose stack     at EventEmitter.<anonymous> (/usr/lib/node_modules/npm/lib/utils/lifecycle.js:239:16)
14 verbose stack     at emitTwo (events.js:100:13)
14 verbose stack     at EventEmitter.emit (events.js:185:7)
14 verbose stack     at ChildProcess.<anonymous> (/usr/lib/node_modules/npm/lib/utils/spawn.js:24:14)
14 verbose stack     at emitTwo (events.js:100:13)
14 verbose stack     at ChildProcess.emit (events.js:185:7)
14 verbose stack     at maybeClose (internal/child_process.js:850:16)
14 verbose stack     at Process.ChildProcess._handle.onexit (internal/child_process.js:215:5)
15 verbose pkgid isomorphic-demo@0.0.1
16 verbose cwd /home/home/Documents/GitHubProjects/projects_react_nodejs/react-isomorphic-projects/project-0-0/react-isomorphic-boilerplate
17 error Linux 3.13.0-24-generic
18 error argv "/usr/bin/nodejs" "/usr/bin/npm" "run" "dev-server"
19 error node v5.10.0
20 error npm  v3.8.6
21 error code ELIFECYCLE
22 error isomorphic-demo@0.0.1 dev-server: `node lib/server/webpack`
22 error Exit status 1
23 error Failed at the isomorphic-demo@0.0.1 dev-server script 'node lib/server/webpack'.
23 error Make sure you have the latest version of node.js and npm installed.
23 error If you do, this is most likely a problem with the isomorphic-demo package,
23 error not with npm itself.
23 error Tell the author that this fails on your system:
23 error     node lib/server/webpack
23 error You can get information on how to open an issue for this project with:
23 error     npm bugs isomorphic-demo
23 error Or if that isn't available, you can get their info via:
23 error     npm owner ls isomorphic-demo
23 error There is likely additional logging output above.
24 verbose exit [ 1, true ]
