0 info it worked if it ends with ok
1 verbose cli [ '/usr/bin/nodejs', '/usr/bin/npm', 'run', 'start-prod' ]
2 info using npm@3.3.12
3 info using node@v5.3.0
4 verbose run-script [ 'prestart-prod', 'start-prod', 'poststart-prod' ]
5 info lifecycle react-redux-universal-hot-example@0.9.0~prestart-prod: react-redux-universal-hot-example@0.9.0
6 silly lifecycle react-redux-universal-hot-example@0.9.0~prestart-prod: no script for prestart-prod, continuing
7 info lifecycle react-redux-universal-hot-example@0.9.0~start-prod: react-redux-universal-hot-example@0.9.0
8 verbose lifecycle react-redux-universal-hot-example@0.9.0~start-prod: unsafe-perm in lifecycle true
9 verbose lifecycle react-redux-universal-hot-example@0.9.0~start-prod: PATH: /usr/lib/node_modules/npm/bin/node-gyp-bin:/home/binh.nguyen/Documents/github_wave0270/projects_react_nodejs/react-isomorphic-projects/react-redux-universal-hot-example/node_modules/.bin:/usr/lib/node_modules/npm/bin/node-gyp-bin:/home/binh.nguyen/Documents/github_wave0270/projects_react_nodejs/react-isomorphic-projects/react-redux-universal-hot-example/node_modules/.bin:/usr/local/sbin:/usr/local/bin:/usr/sbin:/usr/bin:/sbin:/bin:/usr/games:/usr/local/games
10 verbose lifecycle react-redux-universal-hot-example@0.9.0~start-prod: CWD: /home/binh.nguyen/Documents/github_wave0270/projects_react_nodejs/react-isomorphic-projects/react-redux-universal-hot-example
11 silly lifecycle react-redux-universal-hot-example@0.9.0~start-prod: Args: [ '-c', 'better-npm-run start-prod' ]
12 silly lifecycle react-redux-universal-hot-example@0.9.0~start-prod: Returned: code: 1  signal: null
13 info lifecycle react-redux-universal-hot-example@0.9.0~start-prod: Failed to exec start-prod script
14 verbose stack Error: react-redux-universal-hot-example@0.9.0 start-prod: `better-npm-run start-prod`
14 verbose stack Exit status 1
14 verbose stack     at EventEmitter.<anonymous> (/usr/lib/node_modules/npm/lib/utils/lifecycle.js:232:16)
14 verbose stack     at emitTwo (events.js:87:13)
14 verbose stack     at EventEmitter.emit (events.js:172:7)
14 verbose stack     at ChildProcess.<anonymous> (/usr/lib/node_modules/npm/lib/utils/spawn.js:24:14)
14 verbose stack     at emitTwo (events.js:87:13)
14 verbose stack     at ChildProcess.emit (events.js:172:7)
14 verbose stack     at maybeClose (internal/child_process.js:818:16)
14 verbose stack     at Process.ChildProcess._handle.onexit (internal/child_process.js:211:5)
15 verbose pkgid react-redux-universal-hot-example@0.9.0
16 verbose cwd /home/binh.nguyen/Documents/github_wave0270/projects_react_nodejs/react-isomorphic-projects/react-redux-universal-hot-example
17 error Linux 3.19.0-25-generic
18 error argv "/usr/bin/nodejs" "/usr/bin/npm" "run" "start-prod"
19 error node v5.3.0
20 error npm  v3.3.12
21 error code ELIFECYCLE
22 error react-redux-universal-hot-example@0.9.0 start-prod: `better-npm-run start-prod`
22 error Exit status 1
23 error Failed at the react-redux-universal-hot-example@0.9.0 start-prod script 'better-npm-run start-prod'.
23 error Make sure you have the latest version of node.js and npm installed.
23 error If you do, this is most likely a problem with the react-redux-universal-hot-example package,
23 error not with npm itself.
23 error Tell the author that this fails on your system:
23 error     better-npm-run start-prod
23 error You can get their info via:
23 error     npm owner ls react-redux-universal-hot-example
23 error There is likely additional logging output above.
24 verbose exit [ 1, true ]
